This is pdfTeX, Version 3.1415926-2.5-1.40.14 (TeX Live 2013) (format=pdflatex 2014.6.4)  7 JUN 2016 17:49
entering extended mode
 restricted \write18 enabled.
 %&-line parsing enabled.
**untitled-2.tex
(./untitled-2.tex
LaTeX2e <2011/06/27>
Babel <3.9f> and hyphenation patterns for 78 languages loaded.
(/usr/local/texlive/2013/texmf-dist/tex/latex/base/article.cls
Document Class: article 2007/10/19 v1.4h Standard LaTeX document class
(/usr/local/texlive/2013/texmf-dist/tex/latex/base/size11.clo
File: size11.clo 2007/10/19 v1.4h Standard LaTeX file (size option)
)
\c@part=\count79
\c@section=\count80
\c@subsection=\count81
\c@subsubsection=\count82
\c@paragraph=\count83
\c@subparagraph=\count84
\c@figure=\count85
\c@table=\count86
\abovecaptionskip=\skip41
\belowcaptionskip=\skip42
\bibindent=\dimen102
)
(/usr/local/texlive/2013/texmf-dist/tex/latex/polski/polski.sty
Package: polski 2008/02/24 v1.3.3 Polish language package

Document language package `polski' v1.3.3 <2008/02/24>
   Switching to Polish text encoding and Polish maths fonts.
(/usr/local/texlive/2013/texmf-dist/tex/latex/base/ot4enc.def
File: ot4enc.def 2005/09/27 v1.99g Standard LaTeX file
)
LaTeX Font Info:    Try loading font information for OT4+cmr on input line 346.


(/usr/local/texlive/2013/texmf-dist/tex/latex/polski/ot4cmr.fd
File: ot4cmr.fd 2008/02/24 v1.2.1 Font defs for fonts PL (MW)
)
LaTeX Font Info:    Overwriting math alphabet `\mathbf' in version `normal'
(Font)                  OT1/cmr/bx/n --> OT4/cmr/bx/n on input line 346.
LaTeX Font Info:    Overwriting math alphabet `\mathsf' in version `normal'
(Font)                  OT1/cmss/m/n --> OT4/cmss/m/n on input line 346.
LaTeX Font Info:    Overwriting math alphabet `\mathit' in version `normal'
(Font)                  OT1/cmr/m/it --> OT4/cmr/m/it on input line 346.
LaTeX Font Info:    Overwriting math alphabet `\mathtt' in version `normal'
(Font)                  OT1/cmtt/m/n --> OT4/cmtt/m/n on input line 346.
LaTeX Font Info:    Overwriting math alphabet `\mathsf' in version `bold'
(Font)                  OT1/cmss/bx/n --> OT4/cmss/bx/n on input line 346.
LaTeX Font Info:    Overwriting math alphabet `\mathit' in version `bold'
(Font)                  OT1/cmr/bx/it --> OT4/cmr/bx/it on input line 346.
LaTeX Font Info:    Encoding `OT1' has changed to `OT4' for symbol font
(Font)              `operators' in the math version `normal' on input line 346.

LaTeX Font Info:    Overwriting symbol font `operators' in version `normal'
(Font)                  OT1/cmr/m/n --> OT4/cmr/m/n on input line 346.
LaTeX Font Info:    Overwriting symbol font `letters' in version `normal'
(Font)                  OML/cmm/m/it --> OML/plm/m/it on input line 346.
LaTeX Font Info:    Overwriting symbol font `symbols' in version `normal'
(Font)                  OMS/cmsy/m/n --> OMS/plsy/m/n on input line 346.
LaTeX Font Info:    Overwriting symbol font `largesymbols' in version `normal'
(Font)                  OMX/cmex/m/n --> OMX/plex/m/n on input line 346.
LaTeX Font Info:    Encoding `OT1' has changed to `OT4' for symbol font
(Font)              `operators' in the math version `bold' on input line 346.
LaTeX Font Info:    Overwriting symbol font `operators' in version `bold'
(Font)                  OT1/cmr/bx/n --> OT4/cmr/bx/n on input line 346.
LaTeX Font Info:    Overwriting symbol font `letters' in version `bold'
(Font)                  OML/cmm/b/it --> OML/plm/b/it on input line 346.
LaTeX Font Info:    Overwriting symbol font `symbols' in version `bold'
(Font)                  OMS/cmsy/b/n --> OMS/plsy/b/n on input line 346.
)
(/usr/local/texlive/2013/texmf-dist/tex/latex/mh/mathtools.sty
Package: mathtools 2013/02/12 v1.13 mathematical typesetting tools

(/usr/local/texlive/2013/texmf-dist/tex/latex/graphics/keyval.sty
Package: keyval 1999/03/16 v1.13 key=value parser (DPC)
\KV@toks@=\toks14
)
(/usr/local/texlive/2013/texmf-dist/tex/latex/tools/calc.sty
Package: calc 2007/08/22 v4.3 Infix arithmetic (KKT,FJ)
\calc@Acount=\count87
\calc@Bcount=\count88
\calc@Adimen=\dimen103
\calc@Bdimen=\dimen104
\calc@Askip=\skip43
\calc@Bskip=\skip44
LaTeX Info: Redefining \setlength on input line 76.
LaTeX Info: Redefining \addtolength on input line 77.
\calc@Ccount=\count89
\calc@Cskip=\skip45
)
(/usr/local/texlive/2013/texmf-dist/tex/latex/mh/mhsetup.sty
Package: mhsetup 2010/01/21 v1.2a programming setup (MH)
)
(/usr/local/texlive/2013/texmf-dist/tex/latex/amsmath/amsmath.sty
Package: amsmath 2013/01/14 v2.14 AMS math features
\@mathmargin=\skip46

For additional information on amsmath, use the `?' option.
(/usr/local/texlive/2013/texmf-dist/tex/latex/amsmath/amstext.sty
Package: amstext 2000/06/29 v2.01

(/usr/local/texlive/2013/texmf-dist/tex/latex/amsmath/amsgen.sty
File: amsgen.sty 1999/11/30 v2.0
\@emptytoks=\toks15
\ex@=\dimen105
))
(/usr/local/texlive/2013/texmf-dist/tex/latex/amsmath/amsbsy.sty
Package: amsbsy 1999/11/29 v1.2d
\pmbraise@=\dimen106
)
(/usr/local/texlive/2013/texmf-dist/tex/latex/amsmath/amsopn.sty
Package: amsopn 1999/12/14 v2.01 operator names
)
\inf@bad=\count90
LaTeX Info: Redefining \frac on input line 210.
\uproot@=\count91
\leftroot@=\count92
LaTeX Info: Redefining \overline on input line 306.
\classnum@=\count93
\DOTSCASE@=\count94
LaTeX Info: Redefining \ldots on input line 378.
LaTeX Info: Redefining \dots on input line 381.
LaTeX Info: Redefining \cdots on input line 466.
\Mathstrutbox@=\box26
\strutbox@=\box27
\big@size=\dimen107
LaTeX Font Info:    Redeclaring font encoding OML on input line 566.
LaTeX Font Info:    Redeclaring font encoding OMS on input line 567.
\macc@depth=\count95
\c@MaxMatrixCols=\count96
\dotsspace@=\muskip10
\c@parentequation=\count97
\dspbrk@lvl=\count98
\tag@help=\toks16
\row@=\count99
\column@=\count100
\maxfields@=\count101
\andhelp@=\toks17
\eqnshift@=\dimen108
\alignsep@=\dimen109
\tagshift@=\dimen110
\tagwidth@=\dimen111
\totwidth@=\dimen112
\lineht@=\dimen113
\@envbody=\toks18
\multlinegap=\skip47
\multlinetaggap=\skip48
\mathdisplay@stack=\toks19
LaTeX Info: Redefining \[ on input line 2665.
LaTeX Info: Redefining \] on input line 2666.
)
LaTeX Info: Thecontrolsequence`\['isalreadyrobust on input line 129.
LaTeX Info: Thecontrolsequence`\]'isalreadyrobust on input line 129.
\g_MT_multlinerow_int=\count102
\l_MT_multwidth_dim=\dimen114
\origjot=\skip49
\l_MT_shortvdotswithinadjustabove_dim=\dimen115
\l_MT_shortvdotswithinadjustbelow_dim=\dimen116
\l_MT_above_intertext_sep=\dimen117
\l_MT_below_intertext_sep=\dimen118
\l_MT_above_shortintertext_sep=\dimen119
\l_MT_below_shortintertext_sep=\dimen120
)
(/usr/local/texlive/2013/texmf-dist/tex/latex/amsfonts/amssymb.sty
Package: amssymb 2013/01/14 v3.01 AMS font symbols

(/usr/local/texlive/2013/texmf-dist/tex/latex/amsfonts/amsfonts.sty
Package: amsfonts 2013/01/14 v3.01 Basic AMSFonts support
\symAMSa=\mathgroup4
\symAMSb=\mathgroup5
LaTeX Font Info:    Overwriting math alphabet `\mathfrak' in version `bold'
(Font)                  U/euf/m/n --> U/euf/b/n on input line 106.
))
(/usr/local/texlive/2013/texmf-dist/tex/latex/hyperref/hyperref.sty
Package: hyperref 2012/11/06 v6.83m Hypertext links for LaTeX

(/usr/local/texlive/2013/texmf-dist/tex/generic/oberdiek/hobsub-hyperref.sty
Package: hobsub-hyperref 2012/05/28 v1.13 Bundle oberdiek, subset hyperref (HO)


(/usr/local/texlive/2013/texmf-dist/tex/generic/oberdiek/hobsub-generic.sty
Package: hobsub-generic 2012/05/28 v1.13 Bundle oberdiek, subset generic (HO)
Package: hobsub 2012/05/28 v1.13 Construct package bundles (HO)
Package: infwarerr 2010/04/08 v1.3 Providing info/warning/error messages (HO)
Package: ltxcmds 2011/11/09 v1.22 LaTeX kernel commands for general use (HO)
Package: ifluatex 2010/03/01 v1.3 Provides the ifluatex switch (HO)
Package ifluatex Info: LuaTeX not detected.
Package: ifvtex 2010/03/01 v1.5 Detect VTeX and its facilities (HO)
Package ifvtex Info: VTeX not detected.
Package: intcalc 2007/09/27 v1.1 Expandable calculations with integers (HO)
Package: ifpdf 2011/01/30 v2.3 Provides the ifpdf switch (HO)
Package ifpdf Info: pdfTeX in PDF mode is detected.
Package: etexcmds 2011/02/16 v1.5 Avoid name clashes with e-TeX commands (HO)
Package etexcmds Info: Could not find \expanded.
(etexcmds)             That can mean that you are not using pdfTeX 1.50 or
(etexcmds)             that some package has redefined \expanded.
(etexcmds)             In the latter case, load this package earlier.
Package: kvsetkeys 2012/04/25 v1.16 Key value parser (HO)
Package: kvdefinekeys 2011/04/07 v1.3 Define keys (HO)
Package: pdftexcmds 2011/11/29 v0.20 Utility functions of pdfTeX for LuaTeX (HO
)
Package pdftexcmds Info: LuaTeX not detected.
Package pdftexcmds Info: \pdf@primitive is available.
Package pdftexcmds Info: \pdf@ifprimitive is available.
Package pdftexcmds Info: \pdfdraftmode found.
Package: pdfescape 2011/11/25 v1.13 Implements pdfTeX's escape features (HO)
Package: bigintcalc 2012/04/08 v1.3 Expandable calculations on big integers (HO
)
Package: bitset 2011/01/30 v1.1 Handle bit-vector datatype (HO)
Package: uniquecounter 2011/01/30 v1.2 Provide unlimited unique counter (HO)
)
Package hobsub Info: Skipping package `hobsub' (already loaded).
Package: letltxmacro 2010/09/02 v1.4 Let assignment for LaTeX macros (HO)
Package: hopatch 2012/05/28 v1.2 Wrapper for package hooks (HO)
Package: xcolor-patch 2011/01/30 xcolor patch
Package: atveryend 2011/06/30 v1.8 Hooks at the very end of document (HO)
Package atveryend Info: \enddocument detected (standard20110627).
Package: atbegshi 2011/10/05 v1.16 At begin shipout hook (HO)
Package: refcount 2011/10/16 v3.4 Data extraction from label references (HO)
Package: hycolor 2011/01/30 v1.7 Color options for hyperref/bookmark (HO)
)
(/usr/local/texlive/2013/texmf-dist/tex/generic/ifxetex/ifxetex.sty
Package: ifxetex 2010/09/12 v0.6 Provides ifxetex conditional
)
(/usr/local/texlive/2013/texmf-dist/tex/latex/oberdiek/auxhook.sty
Package: auxhook 2011/03/04 v1.3 Hooks for auxiliary files (HO)
)
(/usr/local/texlive/2013/texmf-dist/tex/latex/oberdiek/kvoptions.sty
Package: kvoptions 2011/06/30 v3.11 Key value format for package options (HO)
)
\@linkdim=\dimen121
\Hy@linkcounter=\count103
\Hy@pagecounter=\count104

(/usr/local/texlive/2013/texmf-dist/tex/latex/hyperref/pd1enc.def
File: pd1enc.def 2012/11/06 v6.83m Hyperref: PDFDocEncoding definition (HO)
)
\Hy@SavedSpaceFactor=\count105

(/usr/local/texlive/2013/texmf-dist/tex/latex/latexconfig/hyperref.cfg
File: hyperref.cfg 2002/06/06 v1.2 hyperref configuration of TeXLive
)
Package hyperref Info: Hyper figures OFF on input line 4443.
Package hyperref Info: Link nesting OFF on input line 4448.
Package hyperref Info: Hyper index ON on input line 4451.
Package hyperref Info: Plain pages OFF on input line 4458.
Package hyperref Info: Backreferencing OFF on input line 4463.
Package hyperref Info: Implicit mode ON; LaTeX internals redefined.
Package hyperref Info: Bookmarks ON on input line 4688.
\c@Hy@tempcnt=\count106

(/usr/local/texlive/2013/texmf-dist/tex/latex/url/url.sty
\Urlmuskip=\muskip11
Package: url 2006/04/12  ver 3.3  Verb mode for urls, etc.
)
LaTeX Info: Redefining \url on input line 5041.
\XeTeXLinkMargin=\dimen122
\Fld@menulength=\count107
\Field@Width=\dimen123
\Fld@charsize=\dimen124
Package hyperref Info: Hyper figures OFF on input line 6295.
Package hyperref Info: Link nesting OFF on input line 6300.
Package hyperref Info: Hyper index ON on input line 6303.
Package hyperref Info: backreferencing OFF on input line 6310.
Package hyperref Info: Link coloring OFF on input line 6315.
Package hyperref Info: Link coloring with OCG OFF on input line 6320.
Package hyperref Info: PDF/A mode OFF on input line 6325.
LaTeX Info: Redefining \ref on input line 6365.
LaTeX Info: Redefining \pageref on input line 6369.
\Hy@abspage=\count108
\c@Item=\count109
\c@Hfootnote=\count110
)

Package hyperref Message: Driver (autodetected): hpdftex.

(/usr/local/texlive/2013/texmf-dist/tex/latex/hyperref/hpdftex.def
File: hpdftex.def 2012/11/06 v6.83m Hyperref driver for pdfTeX
\Fld@listcount=\count111
\c@bookmark@seq@number=\count112

(/usr/local/texlive/2013/texmf-dist/tex/latex/oberdiek/rerunfilecheck.sty
Package: rerunfilecheck 2011/04/15 v1.7 Rerun checks for auxiliary files (HO)
Package uniquecounter Info: New unique counter `rerunfilecheck' on input line 2
82.
)
\Hy@SectionHShift=\skip50
)
(/usr/local/texlive/2013/texmf-dist/tex/latex/base/inputenc.sty
Package: inputenc 2008/03/30 v1.1d Input encoding file
\inpenc@prehook=\toks20
\inpenc@posthook=\toks21

(/usr/local/texlive/2013/texmf-dist/tex/latex/base/utf8.def
File: utf8.def 2008/04/05 v1.1m UTF-8 support for inputenc
Now handling font encoding OML ...
... no UTF-8 mapping file for font encoding OML
Now handling font encoding T1 ...
... processing UTF-8 mapping file for font encoding T1

(/usr/local/texlive/2013/texmf-dist/tex/latex/base/t1enc.dfu
File: t1enc.dfu 2008/04/05 v1.1m UTF-8 support for inputenc
   defining Unicode char U+00A1 (decimal 161)
   defining Unicode char U+00A3 (decimal 163)
   defining Unicode char U+00AB (decimal 171)
   defining Unicode char U+00BB (decimal 187)
   defining Unicode char U+00BF (decimal 191)
   defining Unicode char U+00C0 (decimal 192)
   defining Unicode char U+00C1 (decimal 193)
   defining Unicode char U+00C2 (decimal 194)
   defining Unicode char U+00C3 (decimal 195)
   defining Unicode char U+00C4 (decimal 196)
   defining Unicode char U+00C5 (decimal 197)
   defining Unicode char U+00C6 (decimal 198)
   defining Unicode char U+00C7 (decimal 199)
   defining Unicode char U+00C8 (decimal 200)
   defining Unicode char U+00C9 (decimal 201)
   defining Unicode char U+00CA (decimal 202)
   defining Unicode char U+00CB (decimal 203)
   defining Unicode char U+00CC (decimal 204)
   defining Unicode char U+00CD (decimal 205)
   defining Unicode char U+00CE (decimal 206)
   defining Unicode char U+00CF (decimal 207)
   defining Unicode char U+00D0 (decimal 208)
   defining Unicode char U+00D1 (decimal 209)
   defining Unicode char U+00D2 (decimal 210)
   defining Unicode char U+00D3 (decimal 211)
   defining Unicode char U+00D4 (decimal 212)
   defining Unicode char U+00D5 (decimal 213)
   defining Unicode char U+00D6 (decimal 214)
   defining Unicode char U+00D8 (decimal 216)
   defining Unicode char U+00D9 (decimal 217)
   defining Unicode char U+00DA (decimal 218)
   defining Unicode char U+00DB (decimal 219)
   defining Unicode char U+00DC (decimal 220)
   defining Unicode char U+00DD (decimal 221)
   defining Unicode char U+00DE (decimal 222)
   defining Unicode char U+00DF (decimal 223)
   defining Unicode char U+00E0 (decimal 224)
   defining Unicode char U+00E1 (decimal 225)
   defining Unicode char U+00E2 (decimal 226)
   defining Unicode char U+00E3 (decimal 227)
   defining Unicode char U+00E4 (decimal 228)
   defining Unicode char U+00E5 (decimal 229)
   defining Unicode char U+00E6 (decimal 230)
   defining Unicode char U+00E7 (decimal 231)
   defining Unicode char U+00E8 (decimal 232)
   defining Unicode char U+00E9 (decimal 233)
   defining Unicode char U+00EA (decimal 234)
   defining Unicode char U+00EB (decimal 235)
   defining Unicode char U+00EC (decimal 236)
   defining Unicode char U+00ED (decimal 237)
   defining Unicode char U+00EE (decimal 238)
   defining Unicode char U+00EF (decimal 239)
   defining Unicode char U+00F0 (decimal 240)
   defining Unicode char U+00F1 (decimal 241)
   defining Unicode char U+00F2 (decimal 242)
   defining Unicode char U+00F3 (decimal 243)
   defining Unicode char U+00F4 (decimal 244)
   defining Unicode char U+00F5 (decimal 245)
   defining Unicode char U+00F6 (decimal 246)
   defining Unicode char U+00F8 (decimal 248)
   defining Unicode char U+00F9 (decimal 249)
   defining Unicode char U+00FA (decimal 250)
   defining Unicode char U+00FB (decimal 251)
   defining Unicode char U+00FC (decimal 252)
   defining Unicode char U+00FD (decimal 253)
   defining Unicode char U+00FE (decimal 254)
   defining Unicode char U+00FF (decimal 255)
   defining Unicode char U+0102 (decimal 258)
   defining Unicode char U+0103 (decimal 259)
   defining Unicode char U+0104 (decimal 260)
   defining Unicode char U+0105 (decimal 261)
   defining Unicode char U+0106 (decimal 262)
   defining Unicode char U+0107 (decimal 263)
   defining Unicode char U+010C (decimal 268)
   defining Unicode char U+010D (decimal 269)
   defining Unicode char U+010E (decimal 270)
   defining Unicode char U+010F (decimal 271)
   defining Unicode char U+0110 (decimal 272)
   defining Unicode char U+0111 (decimal 273)
   defining Unicode char U+0118 (decimal 280)
   defining Unicode char U+0119 (decimal 281)
   defining Unicode char U+011A (decimal 282)
   defining Unicode char U+011B (decimal 283)
   defining Unicode char U+011E (decimal 286)
   defining Unicode char U+011F (decimal 287)
   defining Unicode char U+0130 (decimal 304)
   defining Unicode char U+0131 (decimal 305)
   defining Unicode char U+0132 (decimal 306)
   defining Unicode char U+0133 (decimal 307)
   defining Unicode char U+0139 (decimal 313)
   defining Unicode char U+013A (decimal 314)
   defining Unicode char U+013D (decimal 317)
   defining Unicode char U+013E (decimal 318)
   defining Unicode char U+0141 (decimal 321)
   defining Unicode char U+0142 (decimal 322)
   defining Unicode char U+0143 (decimal 323)
   defining Unicode char U+0144 (decimal 324)
   defining Unicode char U+0147 (decimal 327)
   defining Unicode char U+0148 (decimal 328)
   defining Unicode char U+014A (decimal 330)
   defining Unicode char U+014B (decimal 331)
   defining Unicode char U+0150 (decimal 336)
   defining Unicode char U+0151 (decimal 337)
   defining Unicode char U+0152 (decimal 338)
   defining Unicode char U+0153 (decimal 339)
   defining Unicode char U+0154 (decimal 340)
   defining Unicode char U+0155 (decimal 341)
   defining Unicode char U+0158 (decimal 344)
   defining Unicode char U+0159 (decimal 345)
   defining Unicode char U+015A (decimal 346)
   defining Unicode char U+015B (decimal 347)
   defining Unicode char U+015E (decimal 350)
   defining Unicode char U+015F (decimal 351)
   defining Unicode char U+0160 (decimal 352)
   defining Unicode char U+0161 (decimal 353)
   defining Unicode char U+0162 (decimal 354)
   defining Unicode char U+0163 (decimal 355)
   defining Unicode char U+0164 (decimal 356)
   defining Unicode char U+0165 (decimal 357)
   defining Unicode char U+016E (decimal 366)
   defining Unicode char U+016F (decimal 367)
   defining Unicode char U+0170 (decimal 368)
   defining Unicode char U+0171 (decimal 369)
   defining Unicode char U+0178 (decimal 376)
   defining Unicode char U+0179 (decimal 377)
   defining Unicode char U+017A (decimal 378)
   defining Unicode char U+017B (decimal 379)
   defining Unicode char U+017C (decimal 380)
   defining Unicode char U+017D (decimal 381)
   defining Unicode char U+017E (decimal 382)
   defining Unicode char U+200C (decimal 8204)
   defining Unicode char U+2013 (decimal 8211)
   defining Unicode char U+2014 (decimal 8212)
   defining Unicode char U+2018 (decimal 8216)
   defining Unicode char U+2019 (decimal 8217)
   defining Unicode char U+201A (decimal 8218)
   defining Unicode char U+201C (decimal 8220)
   defining Unicode char U+201D (decimal 8221)
   defining Unicode char U+201E (decimal 8222)
   defining Unicode char U+2030 (decimal 8240)
   defining Unicode char U+2031 (decimal 8241)
   defining Unicode char U+2039 (decimal 8249)
   defining Unicode char U+203A (decimal 8250)
   defining Unicode char U+2423 (decimal 9251)
)
Now handling font encoding OT1 ...
... processing UTF-8 mapping file for font encoding OT1

(/usr/local/texlive/2013/texmf-dist/tex/latex/base/ot1enc.dfu
File: ot1enc.dfu 2008/04/05 v1.1m UTF-8 support for inputenc
   defining Unicode char U+00A1 (decimal 161)
   defining Unicode char U+00A3 (decimal 163)
   defining Unicode char U+00B8 (decimal 184)
   defining Unicode char U+00BF (decimal 191)
   defining Unicode char U+00C5 (decimal 197)
   defining Unicode char U+00C6 (decimal 198)
   defining Unicode char U+00D8 (decimal 216)
   defining Unicode char U+00DF (decimal 223)
   defining Unicode char U+00E6 (decimal 230)
   defining Unicode char U+00EC (decimal 236)
   defining Unicode char U+00ED (decimal 237)
   defining Unicode char U+00EE (decimal 238)
   defining Unicode char U+00EF (decimal 239)
   defining Unicode char U+00F8 (decimal 248)
   defining Unicode char U+0131 (decimal 305)
   defining Unicode char U+0141 (decimal 321)
   defining Unicode char U+0142 (decimal 322)
   defining Unicode char U+0152 (decimal 338)
   defining Unicode char U+0153 (decimal 339)
   defining Unicode char U+2013 (decimal 8211)
   defining Unicode char U+2014 (decimal 8212)
   defining Unicode char U+2018 (decimal 8216)
   defining Unicode char U+2019 (decimal 8217)
   defining Unicode char U+201C (decimal 8220)
   defining Unicode char U+201D (decimal 8221)
)
Now handling font encoding OMS ...
... processing UTF-8 mapping file for font encoding OMS

(/usr/local/texlive/2013/texmf-dist/tex/latex/base/omsenc.dfu
File: omsenc.dfu 2008/04/05 v1.1m UTF-8 support for inputenc
   defining Unicode char U+00A7 (decimal 167)
   defining Unicode char U+00B6 (decimal 182)
   defining Unicode char U+00B7 (decimal 183)
   defining Unicode char U+2020 (decimal 8224)
   defining Unicode char U+2021 (decimal 8225)
   defining Unicode char U+2022 (decimal 8226)
)
Now handling font encoding OMX ...
... no UTF-8 mapping file for font encoding OMX
Now handling font encoding U ...
... no UTF-8 mapping file for font encoding U
Now handling font encoding OT4 ...
... no UTF-8 mapping file for font encoding OT4
Now handling font encoding PD1 ...
... no UTF-8 mapping file for font encoding PD1
   defining Unicode char U+00A9 (decimal 169)
   defining Unicode char U+00AA (decimal 170)
   defining Unicode char U+00AE (decimal 174)
   defining Unicode char U+00BA (decimal 186)
   defining Unicode char U+02C6 (decimal 710)
   defining Unicode char U+02DC (decimal 732)
   defining Unicode char U+200C (decimal 8204)
   defining Unicode char U+2026 (decimal 8230)
   defining Unicode char U+2122 (decimal 8482)
   defining Unicode char U+2423 (decimal 9251)
))
(/usr/local/texlive/2013/texmf-dist/tex/latex/geometry/geometry.sty
Package: geometry 2010/09/12 v5.6 Page Geometry
\Gm@cnth=\count113
\Gm@cntv=\count114
\c@Gm@tempcnt=\count115
\Gm@bindingoffset=\dimen125
\Gm@wd@mp=\dimen126
\Gm@odd@mp=\dimen127
\Gm@even@mp=\dimen128
\Gm@layoutwidth=\dimen129
\Gm@layoutheight=\dimen130
\Gm@layouthoffset=\dimen131
\Gm@layoutvoffset=\dimen132
\Gm@dimlist=\toks22
)
(/usr/local/texlive/2013/texmf-dist/tex/latex/graphics/graphicx.sty
Package: graphicx 1999/02/16 v1.0f Enhanced LaTeX Graphics (DPC,SPQR)

(/usr/local/texlive/2013/texmf-dist/tex/latex/graphics/graphics.sty
Package: graphics 2009/02/05 v1.0o Standard LaTeX Graphics (DPC,SPQR)

(/usr/local/texlive/2013/texmf-dist/tex/latex/graphics/trig.sty
Package: trig 1999/03/16 v1.09 sin cos tan (DPC)
)
(/usr/local/texlive/2013/texmf-dist/tex/latex/latexconfig/graphics.cfg
File: graphics.cfg 2010/04/23 v1.9 graphics configuration of TeX Live
)
Package graphics Info: Driver file: pdftex.def on input line 91.

(/usr/local/texlive/2013/texmf-dist/tex/latex/pdftex-def/pdftex.def
File: pdftex.def 2011/05/27 v0.06d Graphics/color for pdfTeX
\Gread@gobject=\count116
))
\Gin@req@height=\dimen133
\Gin@req@width=\dimen134
)
(/usr/local/texlive/2013/texmf-dist/tex/latex/booktabs/booktabs.sty
Package: booktabs 2005/04/14 v1.61803 publication quality tables
\heavyrulewidth=\dimen135
\lightrulewidth=\dimen136
\cmidrulewidth=\dimen137
\belowrulesep=\dimen138
\belowbottomsep=\dimen139
\aboverulesep=\dimen140
\abovetopsep=\dimen141
\cmidrulesep=\dimen142
\cmidrulekern=\dimen143
\defaultaddspace=\dimen144
\@cmidla=\count117
\@cmidlb=\count118
\@aboverulesep=\dimen145
\@belowrulesep=\dimen146
\@thisruleclass=\count119
\@lastruleclass=\count120
\@thisrulewidth=\dimen147
)
(/usr/local/texlive/2013/texmf-dist/tex/latex/tools/array.sty
Package: array 2008/09/09 v2.4c Tabular extension package (FMi)
\col@sep=\dimen148
\extrarowheight=\dimen149
\NC@list=\toks23
\extratabsurround=\skip51
\backup@length=\skip52
)
(/usr/local/texlive/2013/texmf-dist/tex/latex/paralist/paralist.sty
Package: paralist 2002/03/18 v2.3b Extended list environments (BS)
\pltopsep=\skip53
\plpartopsep=\skip54
\plitemsep=\skip55
\plparsep=\skip56
\pl@lab=\toks24
)
(/usr/local/texlive/2013/texmf-dist/tex/latex/tools/verbatim.sty
Package: verbatim 2003/08/22 v1.5q LaTeX2e package for verbatim enhancements
\every@verbatim=\toks25
\verbatim@line=\toks26
\verbatim@in@stream=\read1
)
(/usr/local/texlive/2013/texmf-dist/tex/latex/subfig/subfig.sty
Package: subfig 2005/06/28 ver: 1.3 subfig package

(/usr/local/texlive/2013/texmf-dist/tex/latex/caption/caption.sty
Package: caption 2013/05/02 v3.3-89 Customizing captions (AR)

(/usr/local/texlive/2013/texmf-dist/tex/latex/caption/caption3.sty
Package: caption3 2013/05/02 v1.6-88 caption3 kernel (AR)
Package caption3 Info: TeX engine: e-TeX on input line 57.
\captionmargin=\dimen150
\captionmargin@=\dimen151
\captionwidth=\dimen152
\caption@tempdima=\dimen153
\caption@indent=\dimen154
\caption@parindent=\dimen155
\caption@hangindent=\dimen156
)
\c@ContinuedFloat=\count121
Package caption Info: hyperref package is loaded.
)
\c@KVtest=\count122
\sf@farskip=\skip57
\sf@captopadj=\dimen157
\sf@capskip=\skip58
\sf@nearskip=\skip59
\c@subfigure=\count123
\c@subfigure@save=\count124
\c@lofdepth=\count125
\c@subtable=\count126
\c@subtable@save=\count127
\c@lotdepth=\count128
\sf@top=\skip60
\sf@bottom=\skip61
)
(/usr/local/texlive/2013/texmf-dist/tex/latex/fancyhdr/fancyhdr.sty
\fancy@headwidth=\skip62
\f@ncyO@elh=\skip63
\f@ncyO@erh=\skip64
\f@ncyO@olh=\skip65
\f@ncyO@orh=\skip66
\f@ncyO@elf=\skip67
\f@ncyO@erf=\skip68
\f@ncyO@olf=\skip69
\f@ncyO@orf=\skip70
)
(/usr/local/texlive/2013/texmf-dist/tex/latex/sectsty/sectsty.sty
Package: sectsty 2002/02/25 v2.0.2 Commands to change all sectional heading sty
les
)
(/usr/local/texlive/2013/texmf-dist/tex/latex/tocbibind/tocbibind.sty
Package: tocbibind 2010/10/13 v1.5k extra ToC listings
Package tocbibind Info: The document has section divisions on input line 50.


Package tocbibind Note: Using section or other style headings.

) (/usr/local/texlive/2013/texmf-dist/tex/latex/tocloft/tocloft.sty
Package: tocloft 2013/05/02 v2.3f parameterised ToC, etc., typesetting
Package tocloft Info: The document has section divisions on input line 44.
\cftparskip=\skip71
\cftbeforetoctitleskip=\skip72
\cftaftertoctitleskip=\skip73
\cftbeforepartskip=\skip74
\cftpartnumwidth=\skip75
\cftpartindent=\skip76
\cftbeforesecskip=\skip77
\cftsecindent=\skip78
\cftsecnumwidth=\skip79
\cftbeforesubsecskip=\skip80
\cftsubsecindent=\skip81
\cftsubsecnumwidth=\skip82
\cftbeforesubsubsecskip=\skip83
\cftsubsubsecindent=\skip84
\cftsubsubsecnumwidth=\skip85
\cftbeforeparaskip=\skip86
\cftparaindent=\skip87
\cftparanumwidth=\skip88
\cftbeforesubparaskip=\skip89
\cftsubparaindent=\skip90
\cftsubparanumwidth=\skip91
\cftbeforeloftitleskip=\skip92
\cftafterloftitleskip=\skip93
\cftbeforefigskip=\skip94
\cftfigindent=\skip95
\cftfignumwidth=\skip96
\cftbeforelottitleskip=\skip97
\cftafterlottitleskip=\skip98
\cftbeforetabskip=\skip99
\cfttabindent=\skip100
\cfttabnumwidth=\skip101
\cftbeforesubfigskip=\skip102
\cftsubfigindent=\skip103
\cftsubfignumwidth=\skip104
\cftbeforesubtabskip=\skip105
\cftsubtabindent=\skip106
\cftsubtabnumwidth=\skip107
)
(./untitled-2.aux)
\openout1 = `untitled-2.aux'.

LaTeX Font Info:    Checking defaults for OML/cmm/m/it on input line 62.
LaTeX Font Info:    ... okay on input line 62.
LaTeX Font Info:    Checking defaults for T1/cmr/m/n on input line 62.
LaTeX Font Info:    ... okay on input line 62.
LaTeX Font Info:    Checking defaults for OT1/cmr/m/n on input line 62.
LaTeX Font Info:    ... okay on input line 62.
LaTeX Font Info:    Checking defaults for OMS/cmsy/m/n on input line 62.
LaTeX Font Info:    ... okay on input line 62.
LaTeX Font Info:    Checking defaults for OMX/cmex/m/n on input line 62.
LaTeX Font Info:    ... okay on input line 62.
LaTeX Font Info:    Checking defaults for U/cmr/m/n on input line 62.
LaTeX Font Info:    ... okay on input line 62.
LaTeX Font Info:    Checking defaults for OT4/cmr/m/n on input line 62.
LaTeX Font Info:    ... okay on input line 62.
LaTeX Font Info:    Checking defaults for PD1/pdf/m/n on input line 62.
LaTeX Font Info:    ... okay on input line 62.
\AtBeginShipoutBox=\box28
Package hyperref Info: Link coloring OFF on input line 62.

(/usr/local/texlive/2013/texmf-dist/tex/latex/hyperref/nameref.sty
Package: nameref 2012/10/27 v2.43 Cross-referencing by name of section

(/usr/local/texlive/2013/texmf-dist/tex/generic/oberdiek/gettitlestring.sty
Package: gettitlestring 2010/12/03 v1.4 Cleanup title references (HO)
)
\c@section@level=\count129
)
LaTeX Info: Redefining \ref on input line 62.
LaTeX Info: Redefining \pageref on input line 62.
LaTeX Info: Redefining \nameref on input line 62.

(./untitled-2.out) (./untitled-2.out)
\@outlinefile=\write3
\openout3 = `untitled-2.out'.


*geometry* driver: auto-detecting
*geometry* detected driver: pdftex
*geometry* verbose mode - [ preamble ] result:
* driver: pdftex
* paper: a4paper
* layout: <same size as paper>
* layoutoffset:(h,v)=(0.0pt,0.0pt)
* modes: 
* h-part:(L,W,R)=(89.62709pt, 418.25368pt, 89.6271pt)
* v-part:(T,H,B)=(101.40665pt, 591.5302pt, 152.11pt)
* \paperwidth=597.50787pt
* \paperheight=845.04684pt
* \textwidth=418.25368pt
* \textheight=591.5302pt
* \oddsidemargin=17.3571pt
* \evensidemargin=17.3571pt
* \topmargin=-7.86334pt
* \headheight=12.0pt
* \headsep=25.0pt
* \topskip=11.0pt
* \footskip=30.0pt
* \marginparwidth=59.0pt
* \marginparsep=10.0pt
* \columnsep=10.0pt
* \skip\footins=10.0pt plus 4.0pt minus 2.0pt
* \hoffset=0.0pt
* \voffset=0.0pt
* \mag=1000
* \@twocolumnfalse
* \@twosidefalse
* \@mparswitchfalse
* \@reversemarginfalse
* (1in=72.27pt=25.4mm, 1cm=28.453pt)

(/usr/local/texlive/2013/texmf-dist/tex/context/base/supp-pdf.mkii
[Loading MPS to PDF converter (version 2006.09.02).]
\scratchcounter=\count130
\scratchdimen=\dimen158
\scratchbox=\box29
\nofMPsegments=\count131
\nofMParguments=\count132
\everyMPshowfont=\toks27
\MPscratchCnt=\count133
\MPscratchDim=\dimen159
\MPnumerator=\count134
\makeMPintoPDFobject=\count135
\everyMPtoPDFconversion=\toks28
) (/usr/local/texlive/2013/texmf-dist/tex/latex/oberdiek/epstopdf-base.sty
Package: epstopdf-base 2010/02/09 v2.5 Base part for package epstopdf

(/usr/local/texlive/2013/texmf-dist/tex/latex/oberdiek/grfext.sty
Package: grfext 2010/08/19 v1.1 Manage graphics extensions (HO)
)
Package grfext Info: Graphics extension search list:
(grfext)             [.png,.pdf,.jpg,.mps,.jpeg,.jbig2,.jb2,.PNG,.PDF,.JPG,.JPE
G,.JBIG2,.JB2,.eps]
(grfext)             \AppendGraphicsExtensions on input line 452.

(/usr/local/texlive/2013/texmf-dist/tex/latex/latexconfig/epstopdf-sys.cfg
File: epstopdf-sys.cfg 2010/07/13 v1.3 Configuration of (r)epstopdf for TeX Liv
e
))
Package caption Info: Begin \AtBeginDocument code.
Package caption Info: subfig package v1.3 is loaded.
Package caption Info: End \AtBeginDocument code.
LaTeX Font Info:    Try loading font information for OML+plm on input line 64.

(/usr/local/texlive/2013/texmf-dist/tex/latex/polski/omlplm.fd
File: omlplm.fd 2008/02/24 v1.2.1 Font defs for fonts PL (MW)
)
LaTeX Font Info:    Try loading font information for OMS+plsy on input line 64.


(/usr/local/texlive/2013/texmf-dist/tex/latex/polski/omsplsy.fd
File: omsplsy.fd 2008/02/24 v1.2.1 Font defs for fonts PL (MW)
)
LaTeX Font Info:    Try loading font information for OMX+plex on input line 64.


(/usr/local/texlive/2013/texmf-dist/tex/latex/polski/omxplex.fd
File: omxplex.fd 2008/02/24 v1.2.1 Font defs for fonts PL (MW)
)
LaTeX Font Info:    External font `plex10' loaded for size
(Font)              <12> on input line 64.
LaTeX Font Info:    External font `plex10' loaded for size
(Font)              <8> on input line 64.
LaTeX Font Info:    External font `plex10' loaded for size
(Font)              <6> on input line 64.
LaTeX Font Info:    Try loading font information for U+msa on input line 64.

(/usr/local/texlive/2013/texmf-dist/tex/latex/amsfonts/umsa.fd
File: umsa.fd 2013/01/14 v3.01 AMS symbols A
)
LaTeX Font Info:    Try loading font information for U+msb on input line 64.

(/usr/local/texlive/2013/texmf-dist/tex/latex/amsfonts/umsb.fd
File: umsb.fd 2013/01/14 v3.01 AMS symbols B
)
LaTeX Font Info:    Try loading font information for OT4+cmss on input line 65.


(/usr/local/texlive/2013/texmf-dist/tex/latex/polski/ot4cmss.fd
File: ot4cmss.fd 2008/02/24 v1.2.1 Font defs for fonts PL (MW)
)
LaTeX Font Info:    External font `plex10' loaded for size
(Font)              <10.95> on input line 72.
 [1

{/usr/local/texlive/2013/texmf-var/fonts/map/pdftex/updmap/pdftex.map}]
LaTeX Font Info:    External font `plex10' loaded for size
(Font)              <9> on input line 137.
LaTeX Font Info:    External font `plex10' loaded for size
(Font)              <5> on input line 137.
LaTeX Font Info:    Try loading font information for OT4+cmtt on input line 137
.

(/usr/local/texlive/2013/texmf-dist/tex/latex/polski/ot4cmtt.fd
File: ot4cmtt.fd 2008/02/24 v1.2.1 Font defs for fonts PL (MW)
) [2]
<all.png, id=63, 1124.2pt x 843.15pt>
File: all.png Graphic file (type png)
 <use all.png>
Package pdftex.def Info: all.png used on input line 220.
(pdftex.def)             Requested size: 227.61494pt x 227.61494pt.

<truncated.png, id=64, 1124.2pt x 843.15pt>
File: truncated.png Graphic file (type png)
 <use truncated.png>
Package pdftex.def Info: truncated.png used on input line 221.
(pdftex.def)             Requested size: 227.61494pt x 227.61494pt.

Overfull \hbox (56.40955pt too wide) in paragraph at lines 220--222
[][] [] 
 []

[3]
Underfull \hbox (badness 10000) in paragraph at lines 227--229

 []


Underfull \hbox (badness 10000) in paragraph at lines 238--240

 []

[4 <./all.png (PNG copy)> <./truncated.png (PNG copy)>]
Overfull \hbox (10.16383pt too wide) in paragraph at lines 276--277
[]$\OML/plm/m/it/10.95 marketLimitation\OMS/plsy/m/n/10.95 f\OML/plm/m/it/10.95
 MONTHS; PRODUCTS\OMS/plsy/m/n/10.95 g$ \OT4/cmr/m/n/10.95 - ogra-ni-cze-nia ry
n-ko-we na licz-b¦ sprze-
 []


Underfull \hbox (badness 10000) in paragraph at lines 286--287

 []


Underfull \hbox (badness 10000) in paragraph at lines 294--296

 []


Underfull \hbox (badness 10000) in paragraph at lines 305--307

 []


Underfull \hbox (badness 10000) in paragraph at lines 314--315

 []

[5]
Underfull \hbox (badness 10000) in paragraph at lines 322--324

 []


Underfull \hbox (badness 10000) in paragraph at lines 325--327

 []


Overfull \hbox (0.36443pt too wide) in paragraph at lines 330--332
[]$ [][] \OML/plm/m/it/10.95 A[] \OMS/plsy/m/n/10.95 ^^C \OT4/cmr/m/n/10.95 (\O
ML/plm/m/it/10.95 x[] \OT4/cmr/m/n/10.95 + \OML/plm/m/it/10.95 z[]\OT4/cmr/m/n/
10.95 ) \U/msa/m/n/10.95 > \OMS/plsy/m/n/10.95 ^^@\OML/plm/m/it/10.95 abs[]sum[
]; \OMS/plsy/m/n/10.95 8\OML/plm/m/it/10.95 m \OMS/plsy/m/n/10.95 2 \OML/plm/m/
it/10.95 MONTHS; t \OMS/plsy/m/n/10.95 2 \OML/plm/m/it/10.95 SCENARIOS$ 
 []


Underfull \hbox (badness 10000) in paragraph at lines 333--336

 []


Underfull \hbox (badness 10000) in paragraph at lines 339--341

 []


Underfull \hbox (badness 10000) in paragraph at lines 344--346

 []


Underfull \hbox (badness 10000) in paragraph at lines 349--351

 []


Underfull \hbox (badness 10000) in paragraph at lines 354--356

 []


Underfull \hbox (badness 10000) in paragraph at lines 359--361

 []


Underfull \hbox (badness 10000) in paragraph at lines 364--366

 []


Underfull \hbox (badness 10000) in paragraph at lines 369--372

 []

[6]
Underfull \hbox (badness 10000) in paragraph at lines 375--377

 []

<profit-risk.png, id=84, 1124.2pt x 843.15pt>
File: profit-risk.png Graphic file (type png)
 <use profit-risk.png>
Package pdftex.def Info: profit-risk.png used on input line 382.
(pdftex.def)             Requested size: 227.61494pt x 227.61494pt.
 [7 <./profit-risk.png (PNG copy)>]
Package atveryend Info: Empty hook `BeforeClearDocument' on input line 446.
 [8]
Package atveryend Info: Empty hook `AfterLastShipout' on input line 446.
 (./untitled-2.aux)
Package atveryend Info: Executing hook `AtVeryEndDocument' on input line 446.
Package atveryend Info: Executing hook `AtEndAfterFileList' on input line 446.
Package rerunfilecheck Info: File `untitled-2.out' has not changed.
(rerunfilecheck)             Checksum: 7F6CFC7741B15760BDC64E94810C332C;645.
Package atveryend Info: Empty hook `AtVeryVeryEnd' on input line 446.
 ) 
Here is how much of TeX's memory you used:
 9356 strings out of 493315
 139206 string characters out of 6137905
 239355 words of memory out of 5000000
 12637 multiletter control sequences out of 15000+600000
 18813 words of font info for 57 fonts, out of 8000000 for 9000
 957 hyphenation exceptions out of 8191
 44i,11n,43p,395b,385s stack positions out of 5000i,500n,10000p,200000b,80000s
{/usr/local/texlive/2013/texmf-dist/fonts/enc/dvips/pl/plms.enc}{/usr/local/t
exlive/2013/texmf-dist/fonts/enc/dvips/pl/plit.enc}{/usr/local/texlive/2013/tex
mf-dist/fonts/enc/dvips/pl/pltt.enc}{/usr/local/texlive/2013/texmf-dist/fonts/e
nc/dvips/pl/plrm.enc}{/usr/local/texlive/2013/texmf-dist/fonts/enc/dvips/pl/plm
i.enc}{/usr/local/texlive/2013/texmf-dist/fonts/enc/dvips/pl/plme.enc}</usr/loc
al/texlive/2013/texmf-dist/fonts/type1/public/amsfonts/symbols/msam10.pfb></usr
/local/texlive/2013/texmf-dist/fonts/type1/public/pl/plbx10.pfb></usr/local/tex
live/2013/texmf-dist/fonts/type1/public/pl/plex10.pfb></usr/local/texlive/2013/
texmf-dist/fonts/type1/public/pl/plmi10.pfb></usr/local/texlive/2013/texmf-dist
/fonts/type1/public/pl/plmi8.pfb></usr/local/texlive/2013/texmf-dist/fonts/type
1/public/pl/plr10.pfb></usr/local/texlive/2013/texmf-dist/fonts/type1/public/pl
/plr12.pfb></usr/local/texlive/2013/texmf-dist/fonts/type1/public/pl/plr17.pfb>
</usr/local/texlive/2013/texmf-dist/fonts/type1/public/pl/plr6.pfb></usr/local/
texlive/2013/texmf-dist/fonts/type1/public/pl/plr8.pfb></usr/local/texlive/2013
/texmf-dist/fonts/type1/public/pl/plss12.pfb></usr/local/texlive/2013/texmf-dis
t/fonts/type1/public/pl/plsy10.pfb></usr/local/texlive/2013/texmf-dist/fonts/ty
pe1/public/pl/plsy8.pfb></usr/local/texlive/2013/texmf-dist/fonts/type1/public/
pl/plti10.pfb></usr/local/texlive/2013/texmf-dist/fonts/type1/public/pl/pltt9.p
fb>
Output written on untitled-2.pdf (8 pages, 176437 bytes).
PDF statistics:
 156 PDF objects out of 1000 (max. 8388607)
 126 compressed objects within 2 object streams
 19 named destinations out of 1000 (max. 500000)
 80 words of extra memory for PDF output out of 10000 (max. 10000000)

